# JRE version: OpenJDK Runtime Environment (11.0.1+13) (build 11.0.1+13)
# Java VM: OpenJDK 64-Bit Server VM (11.0.1+13, mixed mode, tiered, compressed oops, parallel gc, windows-amd64)
Heap:
 PSYoungGen      total 18432K, used 38K [0x00000000eab00000, 0x00000000ec500000, 0x0000000100000000)
  eden space 17920K, 0% used [0x00000000eab00000,0x00000000eab09b68,0x00000000ebc80000)
  from space 512K, 0% used [0x00000000ebc80000,0x00000000ebc80000,0x00000000ebd00000)
  to   space 2560K, 0% used [0x00000000ec280000,0x00000000ec280000,0x00000000ec500000)
 ParOldGen       total 68608K, used 24142K [0x00000000c0000000, 0x00000000c4300000, 0x00000000eab00000)
  object space 68608K, 35% used [0x00000000c0000000,0x00000000c1793898,0x00000000c4300000)
 Metaspace       used 33454K, capacity 35462K, committed 35672K, reserved 1081344K
  class space    used 3161K, capacity 3849K, committed 3968K, reserved 1048576K
GC Heap History (10 events):
Event: 5.288 GC heap before
{Heap before GC invocations=13 (full 1):
 PSYoungGen      total 24576K, used 24320K [0x00000000eab00000, 0x00000000ec700000, 0x0000000100000000)
  eden space 22016K, 100% used [0x00000000eab00000,0x00000000ec080000,0x00000000ec080000)
  from space 2560K, 90% used [0x00000000ec280000,0x00000000ec4c0010,0x00000000ec500000)
  to   space 2048K, 0% used [0x00000000ec500000,0x00000000ec500000,0x00000000ec700000)
 ParOldGen       total 68608K, used 15810K [0x00000000c0000000, 0x00000000c4300000, 0x00000000eab00000)
  object space 68608K, 23% used [0x00000000c0000000,0x00000000c0f70840,0x00000000c4300000)
 Metaspace       used 31132K, capacity 32970K, committed 33152K, reserved 1079296K
  class space    used 3004K, capacity 3680K, committed 3712K, reserved 1048576K
}
Event: 5.302 GC heap after
{Heap after GC invocations=13 (full 1):
 PSYoungGen      total 23552K, used 2016K [0x00000000eab00000, 0x00000000eca80000, 0x0000000100000000)
  eden space 21504K, 0% used [0x00000000eab00000,0x00000000eab00000,0x00000000ec000000)
  from space 2048K, 98% used [0x00000000ec500000,0x00000000ec6f8010,0x00000000ec700000)
  to   space 5120K, 0% used [0x00000000ec000000,0x00000000ec000000,0x00000000ec500000)
 ParOldGen       total 68608K, used 18213K [0x00000000c0000000, 0x00000000c4300000, 0x00000000eab00000)
  object space 68608K, 26% used [0x00000000c0000000,0x00000000c11c95a0,0x00000000c4300000)
 Metaspace       used 31132K, capacity 32970K, committed 33152K, reserved 1079296K
  class space    used 3004K, capacity 3680K, committed 3712K, reserved 1048576K
}
Event: 5.428 GC heap before
{Heap before GC invocations=14 (full 1):
 PSYoungGen      total 23552K, used 23520K [0x00000000eab00000, 0x00000000eca80000, 0x0000000100000000)
  eden space 21504K, 100% used [0x00000000eab00000,0x00000000ec000000,0x00000000ec000000)
  from space 2048K, 98% used [0x00000000ec500000,0x00000000ec6f8010,0x00000000ec700000)
  to   space 5120K, 0% used [0x00000000ec000000,0x00000000ec000000,0x00000000ec500000)
 ParOldGen       total 68608K, used 18213K [0x00000000c0000000, 0x00000000c4300000, 0x00000000eab00000)
  object space 68608K, 26% used [0x00000000c0000000,0x00000000c11c95a0,0x00000000c4300000)
 Metaspace       used 31132K, capacity 32970K, committed 33152K, reserved 1079296K
  class space    used 3004K, capacity 3680K, committed 3712K, reserved 1048576K
}
Event: 5.434 GC heap after
{Heap after GC invocations=14 (full 1):
 PSYoungGen      total 23552K, used 1856K [0x00000000eab00000, 0x00000000ec600000, 0x0000000100000000)
  eden space 21504K, 0% used [0x00000000eab00000,0x00000000eab00000,0x00000000ec000000)
  from space 2048K, 90% used [0x00000000ec000000,0x00000000ec1d0000,0x00000000ec200000)
  to   space 3072K, 0% used [0x00000000ec300000,0x00000000ec300000,0x00000000ec600000)
 ParOldGen       total 68608K, used 20237K [0x00000000c0000000, 0x00000000c4300000, 0x00000000eab00000)
  object space 68608K, 29% used [0x00000000c0000000,0x00000000c13c35b0,0x00000000c4300000)
 Metaspace       used 31132K, capacity 32970K, committed 33152K, reserved 1079296K
  class space    used 3004K, capacity 3680K, committed 3712K, reserved 1048576K
}
Event: 5.769 GC heap before
{Heap before GC invocations=15 (full 1):
 PSYoungGen      total 23552K, used 23264K [0x00000000eab00000, 0x00000000ec600000, 0x0000000100000000)
  eden space 21504K, 99% used [0x00000000eab00000,0x00000000ebfe8320,0x00000000ec000000)
  from space 2048K, 90% used [0x00000000ec000000,0x00000000ec1d0000,0x00000000ec200000)
  to   space 3072K, 0% used [0x00000000ec300000,0x00000000ec300000,0x00000000ec600000)
 ParOldGen       total 68608K, used 20237K [0x00000000c0000000, 0x00000000c4300000, 0x00000000eab00000)
  object space 68608K, 29% used [0x00000000c0000000,0x00000000c13c35b0,0x00000000c4300000)
 Metaspace       used 31738K, capacity 33766K, committed 34048K, reserved 1079296K
  class space    used 3046K, capacity 3753K, committed 3840K, reserved 1048576K
}
Event: 5.797 GC heap after
{Heap after GC invocations=15 (full 1):
 PSYoungGen      total 20992K, used 3058K [0x00000000eab00000, 0x00000000ecd00000, 0x0000000100000000)
  eden space 17920K, 0% used [0x00000000eab00000,0x00000000eab00000,0x00000000ebc80000)
  from space 3072K, 99% used [0x00000000ec300000,0x00000000ec5fc9b8,0x00000000ec600000)
  to   space 6656K, 0% used [0x00000000ebc80000,0x00000000ebc80000,0x00000000ec300000)
 ParOldGen       total 68608K, used 22921K [0x00000000c0000000, 0x00000000c4300000, 0x00000000eab00000)
  object space 68608K, 33% used [0x00000000c0000000,0x00000000c16626c0,0x00000000c4300000)
 Metaspace       used 31738K, capacity 33766K, committed 34048K, reserved 1079296K
  class space    used 3046K, capacity 3753K, committed 3840K, reserved 1048576K
}
Event: 6.111 GC heap before
{Heap before GC invocations=16 (full 1):
 PSYoungGen      total 20992K, used 17912K [0x00000000eab00000, 0x00000000ecd00000, 0x0000000100000000)
  eden space 17920K, 82% used [0x00000000eab00000,0x00000000eb9819a0,0x00000000ebc80000)
  from space 3072K, 99% used [0x00000000ec300000,0x00000000ec5fc9b8,0x00000000ec600000)
  to   space 6656K, 0% used [0x00000000ebc80000,0x00000000ebc80000,0x00000000ec300000)
 ParOldGen       total 68608K, used 22921K [0x00000000c0000000, 0x00000000c4300000, 0x00000000eab00000)
  object space 68608K, 33% used [0x00000000c0000000,0x00000000c16626c0,0x00000000c4300000)
 Metaspace       used 33311K, capacity 35270K, committed 35416K, reserved 1081344K
  class space    used 3161K, capacity 3849K, committed 3968K, reserved 1048576K
}
Event: 6.131 GC heap after
{Heap after GC invocations=16 (full 1):
 PSYoungGen      total 18432K, used 505K [0x00000000eab00000, 0x00000000ec500000, 0x0000000100000000)
  eden space 17920K, 0% used [0x00000000eab00000,0x00000000eab00000,0x00000000ebc80000)
  from space 512K, 98% used [0x00000000ebc80000,0x00000000ebcfe658,0x00000000ebd00000)
  to   space 2560K, 0% used [0x00000000ec280000,0x00000000ec280000,0x00000000ec500000)
 ParOldGen       total 68608K, used 25594K [0x00000000c0000000, 0x00000000c4300000, 0x00000000eab00000)
  object space 68608K, 37% used [0x00000000c0000000,0x00000000c18fea78,0x00000000c4300000)
 Metaspace       used 33311K, capacity 35270K, committed 35416K, reserved 1081344K
  class space    used 3161K, capacity 3849K, committed 3968K, reserved 1048576K
}
Event: 6.131 GC heap before
{Heap before GC invocations=17 (full 2):
 PSYoungGen      total 18432K, used 505K [0x00000000eab00000, 0x00000000ec500000, 0x0000000100000000)
  eden space 17920K, 0% used [0x00000000eab00000,0x00000000eab00000,0x00000000ebc80000)
  from space 512K, 98% used [0x00000000ebc80000,0x00000000ebcfe658,0x00000000ebd00000)
  to   space 2560K, 0% used [0x00000000ec280000,0x00000000ec280000,0x00000000ec500000)
 ParOldGen       total 68608K, used 25594K [0x00000000c0000000, 0x00000000c4300000, 0x00000000eab00000)
  object space 68608K, 37% used [0x00000000c0000000,0x00000000c18fea78,0x00000000c4300000)
 Metaspace       used 33311K, capacity 35270K, committed 35416K, reserved 1081344K
  class space    used 3161K, capacity 3849K, committed 3968K, reserved 1048576K
}
Event: 6.340 GC heap after
{Heap after GC invocations=17 (full 2):
 PSYoungGen      total 18432K, used 0K [0x00000000eab00000, 0x00000000ec500000, 0x0000000100000000)
  eden space 17920K, 0% used [0x00000000eab00000,0x00000000eab00000,0x00000000ebc80000)
  from space 512K, 0% used [0x00000000ebc80000,0x00000000ebc80000,0x00000000ebd00000)
  to   space 2560K, 0% used [0x00000000ec280000,0x00000000ec280000,0x00000000ec500000)
 ParOldGen       total 68608K, used 24142K [0x00000000c0000000, 0x00000000c4300000, 0x00000000eab00000)
  object space 68608K, 35% used [0x00000000c0000000,0x00000000c1793898,0x00000000c4300000)
 Metaspace       used 33311K, capacity 35270K, committed 35416K, reserved 1081344K
  class space    used 3161K, capacity 3849K, committed 3968K, reserved 1048576K
}

